<?xml version="1.0" encoding="UTF-8"?>
<!-- Generated by org.testng.reporters.JUnitReportReporter -->
<testsuite hostname="DESKTOP-LH36UL1" failures="0" tests="17" name="com.steps.files.PetstoreTestScripts" time="53.834" errors="0" timestamp="2024-07-14T12:01:25 IST" skipped="0">
  <testcase classname="com.steps.files.PetstoreTestScripts" name="open_the_Chrome_browser" time="14.661"/>
  <testcase classname="com.steps.files.PetstoreTestScripts" name="launch_petstore_url" time="5.718"/>
  <testcase classname="com.steps.files.PetstoreTestScripts" name="click_on_sign_in_menu" time="1.113"/>
  <testcase classname="com.steps.files.PetstoreTestScripts" name="enter_Petstore_username" time="0.630"/>
  <testcase classname="com.steps.files.PetstoreTestScripts" name="enter_Petstore_password" time="0.268"/>
  <testcase classname="com.steps.files.PetstoreTestScripts" name="click_on_Petstore_login_button" time="1.333"/>
  <testcase classname="com.steps.files.PetstoreTestScripts" name="validate_user_redirects_to_the_catalog_page" time="0.923"/>
  <testcase classname="com.steps.files.PetstoreTestScripts" name="click_on_the_pet_item" time="1.349"/>
  <testcase classname="com.steps.files.PetstoreTestScripts" name="click_on_the_product_id" time="1.165"/>
  <testcase classname="com.steps.files.PetstoreTestScripts" name="click_on_add_to_cart" time="1.905"/>
  <testcase classname="com.steps.files.PetstoreTestScripts" name="click_on_proceed_to_checkout" time="1.810"/>
  <testcase classname="com.steps.files.PetstoreTestScripts" name="click_on_ship_to_different_address" time="1.662"/>
  <testcase classname="com.steps.files.PetstoreTestScripts" name="click_on_customer_details_continue_button" time="1.532"/>
  <testcase classname="com.steps.files.PetstoreTestScripts" name="user_enter_customer_details" time="14.335"/>
  <testcase classname="com.steps.files.PetstoreTestScripts" name="click_on_shipping_address_continue_button" time="1.492"/>
  <testcase classname="com.steps.files.PetstoreTestScripts" name="click_on_confirm_button" time="2.114"/>
  <testcase classname="com.steps.files.PetstoreTestScripts" name="validate_order_id_generated" time="1.824"/>
</testsuite> <!-- com.steps.files.PetstoreTestScripts -->
