<?xml version="1.0" encoding="UTF-8"?>
<!-- Generated by org.testng.reporters.JUnitReportReporter -->
<testsuite hostname="DESKTOP-LH36UL1" failures="0" tests="1" name="testng.extent.reports.ReportsSample" time="15.894" errors="0" timestamp="2024-07-13T20:57:43 IST" skipped="0">
  <testcase classname="testng.extent.reports.ReportsSample" name="fbLogin2" time="15.894"/>
</testsuite> <!-- testng.extent.reports.ReportsSample -->
