<?xml version="1.0" encoding="UTF-8"?>
<!-- Generated by org.testng.reporters.JUnitReportReporter -->
<testsuite hostname="DESKTOP-LH36UL1" failures="0" tests="17" name="com.steps.files.PetstoreTestScripts" time="327.406" errors="0" timestamp="2024-07-14T12:20:48 IST" skipped="0">
  <testcase classname="com.steps.files.PetstoreTestScripts" name="open_the_Chrome_browser" time="63.418"/>
  <testcase classname="com.steps.files.PetstoreTestScripts" name="launch_petstore_url" time="11.625"/>
  <testcase classname="com.steps.files.PetstoreTestScripts" name="click_on_sign_in_menu" time="4.581"/>
  <testcase classname="com.steps.files.PetstoreTestScripts" name="enter_Petstore_username" time="3.547"/>
  <testcase classname="com.steps.files.PetstoreTestScripts" name="enter_Petstore_password" time="15.614"/>
  <testcase classname="com.steps.files.PetstoreTestScripts" name="click_on_Petstore_login_button" time="10.519"/>
  <testcase classname="com.steps.files.PetstoreTestScripts" name="validate_user_redirects_to_the_catalog_page" time="1.847"/>
  <testcase classname="com.steps.files.PetstoreTestScripts" name="click_on_the_pet_item" time="5.065"/>
  <testcase classname="com.steps.files.PetstoreTestScripts" name="click_on_the_product_id" time="4.320"/>
  <testcase classname="com.steps.files.PetstoreTestScripts" name="click_on_add_to_cart" time="5.515"/>
  <testcase classname="com.steps.files.PetstoreTestScripts" name="click_on_proceed_to_checkout" time="9.255"/>
  <testcase classname="com.steps.files.PetstoreTestScripts" name="click_on_ship_to_different_address" time="2.723"/>
  <testcase classname="com.steps.files.PetstoreTestScripts" name="click_on_customer_details_continue_button" time="6.449"/>
  <testcase classname="com.steps.files.PetstoreTestScripts" name="user_enter_customer_details" time="153.395"/>
  <testcase classname="com.steps.files.PetstoreTestScripts" name="click_on_shipping_address_continue_button" time="6.325"/>
  <testcase classname="com.steps.files.PetstoreTestScripts" name="click_on_confirm_button" time="9.071"/>
  <testcase classname="com.steps.files.PetstoreTestScripts" name="validate_order_id_generated" time="14.137"/>
</testsuite> <!-- com.steps.files.PetstoreTestScripts -->
